<?xml version="1.0" encoding="UTF-8"?>
<testsuite name="com.example.cleansmart.ExampleUnitTest" tests="1" skipped="0" failures="0" errors="0" timestamp="2025-05-14T17:29:05" hostname="DESKTOP-Q1S11GK" time="0.027">
  <properties/>
  <testcase name="addition_isCorrect" classname="com.example.cleansmart.ExampleUnitTest" time="0.027"/>
  <system-out><![CDATA[]]></system-out>
  <system-err><![CDATA[]]></system-err>
</testsuite>
